MPChartLib/build/outputs/logs/manifest-merger-debug-report.txt
-- Merging decision tree log ---
manifest
ADDED from economic/MPChartLib/AndroidManifest.xml:2:1-13:12
INJECTED from economic/MPChartLib/AndroidManifest.xml:2:1-13:12
INJECTED from economic/MPChartLib/AndroidManifest.xml:2:1-13:12
INJECTED from economic/MPChartLib/AndroidManifest.xml:2:1-13:12
INJECTED from economic/MPChartLib/AndroidManifest.xml:2:1-13:12
INJECTED from economic/MPChartLib/AndroidManifest.xml:2:1-13:12
INJECTED from economic/MPChartLib/AndroidManifest.xml:2:1-13:12
	package
		ADDED from economic/MPChartLib/AndroidManifest.xml:2:11-49
		INJECTED from economic/MPChartLib/AndroidManifest.xml
		INJECTED from economic/MPChartLib/AndroidManifest.xml
	android:versionName
		INJECTED from economic/MPChartLib/AndroidManifest.xml
		ADDED from economic/MPChartLib/AndroidManifest.xml:2:1-13:12
		INJECTED from economic/MPChartLib/AndroidManifest.xml
	android:versionCode
		INJECTED from economic/MPChartLib/AndroidManifest.xml
		ADDED from economic/MPChartLib/AndroidManifest.xml:2:1-13:12
		INJECTED from economic/MPChartLib/AndroidManifest.xml
uses-sdk
INJECTED from economic/MPChartLib/AndroidManifest.xml reason: use-sdk injection requested
INJECTED from economic/MPChartLib/AndroidManifest.xml
INJECTED from economic/MPChartLib/AndroidManifest.xml
INJECTED from economic/MPChartLib/AndroidManifest.xml
INJECTED from economic/MPChartLib/AndroidManifest.xml
	android:targetSdkVersion
		INJECTED from economic/MPChartLib/AndroidManifest.xml
		ADDED from economic/MPChartLib/AndroidManifest.xml
		INJECTED from economic/MPChartLib/AndroidManifest.xml
	android:minSdkVersion
		INJECTED from economic/MPChartLib/AndroidManifest.xml
		ADDED from economic/MPChartLib/AndroidManifest.xml
		INJECTED from economic/MPChartLib/AndroidManifest.xml